<?xml version="1.0" encoding="UTF-8"?>
<testsuite xmlns:xsi="http://www.w3.org/2001/XMLSchema-instance" xsi:noNamespaceSchemaLocation="https://maven.apache.org/surefire/maven-surefire-plugin/xsd/surefire-test-report-3.0.xsd" version="3.0" name="com.vuktales.springai.springopenai.SpringOpenaiApplicationTests" time="2.301" tests="1" errors="0" skipped="0" failures="0">
  <properties>
[...]
</properties>
  <testcase name="contextLoads" classname="com.vuktales.springai.springopenai.SpringOpenaiApplicationTests" time="0.301">
    <system-out><![CDATA[14:47:23.315 [main] INFO org.springframework.test.context.support.AnnotationConfigContextLoaderUtils -- Could not detect default configuration classes for test class [com.vuktales.springai.springopenai.SpringOpenaiApplicationTests]: SpringOpenaiApplicationTests does not declare any static, non-private, non-final, nested classes annotated with @Configuration.
14:47:23.390 [main] INFO org.springframework.boot.test.context.SpringBootTestContextBootstrapper -- Found @SpringBootConfiguration com.vuktales.springai.springopenai.SpringOpenaiApplication for test class com.vuktales.springai.springopenai.SpringOpenaiApplicationTests
14:47:23.488 [main] INFO org.springframework.boot.devtools.restart.RestartApplicationListener -- Restart disabled due to context in which it is running

  .   ____          _            __ _ _
 /\\ / ___'_ __ _ _(_)_ __  __ _ \ \ \ \
( ( )\___ | '_ | '_| | '_ \/ _` | \ \ \ \
 \\/  ___)| |_)| | | | | || (_| |  ) ) ) )
  '  |____| .__|_| |_|_| |_\__, | / / / /
 =========|_|==============|___/=/_/_/_/
 :: Spring Boot ::                (v3.2.5)

2024-05-11T14:47:23.566+08:00  WARN 98628 --- [spring-open-ai-chat] [           main] ory$DuplicateJsonObjectContextCustomizer : 

Found multiple occurrences of org.json.JSONObject on the class path:

	jar:file:/Users/udaykumar/.m2/repository/org/json/json/20231013/json-20231013.jar!/org/json/JSONObject.class
	jar:file:/Users/udaykumar/.m2/repository/com/vaadin/external/google/android-json/0.0.20131108.vaadin1/android-json-0.0.20131108.vaadin1.jar!/org/json/JSONObject.class

You may wish to exclude one of them to ensure predictable runtime behavior

2024-05-11T14:47:23.573+08:00  INFO 98628 --- [spring-open-ai-chat] [           main] c.v.s.s.SpringOpenaiApplicationTests     : Starting SpringOpenaiApplicationTests using Java 17.0.8 with PID 98628 (started by udaykumar in /Users/udaykumar/Documents/workspace/understanding-gen-ai-ml/gen-ai-ml-experiments/spring-open-ai-chat)
2024-05-11T14:47:23.573+08:00  INFO 98628 --- [spring-open-ai-chat] [           main] c.v.s.s.SpringOpenaiApplicationTests     : No active profile set, falling back to 1 default profile: "default"
2024-05-11T14:47:23.969+08:00  INFO 98628 --- [spring-open-ai-chat] [           main] .s.d.r.c.RepositoryConfigurationDelegate : Bootstrapping Spring Data JPA repositories in DEFAULT mode.
2024-05-11T14:47:23.976+08:00  INFO 98628 --- [spring-open-ai-chat] [           main] .s.d.r.c.RepositoryConfigurationDelegate : Finished Spring Data repository scanning in 4 ms. Found 0 JPA repository interfaces.
2024-05-11T14:47:24.224+08:00  INFO 98628 --- [spring-open-ai-chat] [           main] o.hibernate.jpa.internal.util.LogHelper  : HHH000204: Processing PersistenceUnitInfo [name: default]
2024-05-11T14:47:24.253+08:00  INFO 98628 --- [spring-open-ai-chat] [           main] org.hibernate.Version                    : HHH000412: Hibernate ORM core version 6.4.4.Final
2024-05-11T14:47:24.265+08:00  INFO 98628 --- [spring-open-ai-chat] [           main] o.h.c.internal.RegionFactoryInitiator    : HHH000026: Second-level cache disabled
2024-05-11T14:47:24.343+08:00  INFO 98628 --- [spring-open-ai-chat] [           main] o.s.o.j.p.SpringPersistenceUnitInfo      : No LoadTimeWeaver setup: ignoring JPA class transformer
2024-05-11T14:47:24.352+08:00  INFO 98628 --- [spring-open-ai-chat] [           main] com.zaxxer.hikari.HikariDataSource       : HikariPool-1 - Starting...
2024-05-11T14:47:24.410+08:00  INFO 98628 --- [spring-open-ai-chat] [           main] com.zaxxer.hikari.pool.HikariPool        : HikariPool-1 - Added connection org.postgresql.jdbc.PgConnection@16d61071
2024-05-11T14:47:24.411+08:00  INFO 98628 --- [spring-open-ai-chat] [           main] com.zaxxer.hikari.HikariDataSource       : HikariPool-1 - Start completed.
2024-05-11T14:47:24.428+08:00  WARN 98628 --- [spring-open-ai-chat] [           main] org.hibernate.orm.deprecation            : HHH90000025: PostgreSQLDialect does not need to be specified explicitly using 'hibernate.dialect' (remove the property setting and it will be selected by default)
2024-05-11T14:47:24.554+08:00  INFO 98628 --- [spring-open-ai-chat] [           main] o.h.e.t.j.p.i.JtaPlatformInitiator       : HHH000489: No JTA platform available (set 'hibernate.transaction.jta.platform' to enable JTA platform integration)
2024-05-11T14:47:24.555+08:00  INFO 98628 --- [spring-open-ai-chat] [           main] j.LocalContainerEntityManagerFactoryBean : Initialized JPA EntityManagerFactory for persistence unit 'default'
2024-05-11T14:47:24.816+08:00  WARN 98628 --- [spring-open-ai-chat] [           main] JpaBaseConfiguration$JpaWebConfiguration : spring.jpa.open-in-view is enabled by default. Therefore, database queries may be performed during view rendering. Explicitly configure spring.jpa.open-in-view to disable this warning
2024-05-11T14:47:25.102+08:00  INFO 98628 --- [spring-open-ai-chat] [           main] o.s.b.a.e.web.EndpointLinksResolver      : Exposing 1 endpoint(s) beneath base path '/actuator'
2024-05-11T14:47:25.138+08:00  INFO 98628 --- [spring-open-ai-chat] [           main] c.v.s.s.SpringOpenaiApplicationTests     : Started SpringOpenaiApplicationTests in 1.656 seconds (process running for 2.395)
]]></system-out>
  </testcase>
</testsuite>